2026-07-17 15:58:55 [INFO] [2532106] [2532106] [kernel_parser_worker.cpp:46] Start run KernelParserWorker
2026-07-17 15:58:55 [INFO] [2532106] [2532107] [kernel_parser_worker.cpp:58] Start parse hash data
2026-07-17 15:58:55 [INFO] [2532106] [2532108] [kernel_parser_worker.cpp:62] Start parse type info data
2026-07-17 15:58:55 [INFO] [2532106] [2532107] [kernel_parser_worker.cpp:78] Hash data load from path: /home/y00889327/ops-transformer/build/PROF_000001_20260717155851280_02531812QIBNMCLA/host/data
2026-07-17 15:58:55 [INFO] [2532106] [2532108] [kernel_parser_worker.cpp:100] Typeinfo data load from path: /home/y00889327/ops-transformer/build/PROF_000001_20260717155851280_02531812QIBNMCLA/host/data
2026-07-17 15:58:55 [INFO] [2532106] [2532107] [kernel_parser_worker.cpp:80] Start load runtime op info data
2026-07-17 15:58:55 [INFO] [2532106] [2532107] [kernel_parser_worker.cpp:83] success get hash data
2026-07-17 15:58:55 [INFO] [2532106] [2532107] [kernel_parser_worker.cpp:90] success get hashDbDumper
2026-07-17 15:58:55 [INFO] [2532106] [2532107] [db_runner.cpp:53] Start create GeHashInfo
2026-07-17 15:58:55 [INFO] [2532106] [2532108] [db_runner.cpp:53] Start create TypeHashInfo
2026-07-17 15:58:55 [INFO] [2532106] [2532107] [db_runner.cpp:66] create GeHashInfo success
2026-07-17 15:58:55 [INFO] [2532106] [2532107] [db_runner.h:61] Start insert data to GeHashInfo
2026-07-17 15:58:55 [INFO] [2532106] [2532107] [db_runner.h:72] insert data to GeHashInfo success
2026-07-17 15:58:55 [INFO] [2532106] [2532107] [base_dumper.h:56] Dump GeHashInfo data success
2026-07-17 15:58:55 [INFO] [2532106] [2532108] [db_runner.cpp:66] create TypeHashInfo success
2026-07-17 15:58:55 [INFO] [2532106] [2532108] [db_runner.h:61] Start insert data to TypeHashInfo
2026-07-17 15:58:55 [INFO] [2532106] [2532108] [db_runner.h:72] insert data to TypeHashInfo success
2026-07-17 15:58:55 [INFO] [2532106] [2532108] [base_dumper.h:56] Dump TypeHashInfo data success
2026-07-17 15:58:55 [INFO] [2532106] [2532106] [time_logger.h:32] HostTraceWorker start
2026-07-17 15:58:55 [INFO] [2532106] [2532106] [time_logger.h:32] Group all events start
2026-07-17 15:58:55 [INFO] [2532106] [2532111] [time_logger.h:32] Group Kernel start
2026-07-17 15:58:55 [INFO] [2532106] [2532112] [time_logger.h:32] Group GraphIdMap start
2026-07-17 15:58:55 [INFO] [2532106] [2532117] [time_logger.h:32] Group FusionOpInfo start
2026-07-17 15:58:55 [INFO] [2532106] [2532115] [time_logger.h:32] Group NodeBasicInfo start
2026-07-17 15:58:55 [INFO] [2532106] [2532113] [time_logger.h:32] Group NodeAttrInfo start
2026-07-17 15:58:55 [INFO] [2532106] [2532114] [time_logger.h:32] Group TensorInfo start
2026-07-17 15:58:55 [INFO] [2532106] [2532116] [time_logger.h:32] Group ContextId start
2026-07-17 15:58:55 [INFO] [2532106] [2532117] [time_logger.h:39] Group FusionOpInfo end, cost time = 0 ms
2026-07-17 15:58:55 [INFO] [2532106] [2532112] [time_logger.h:39] Group GraphIdMap end, cost time = 0 ms
2026-07-17 15:58:55 [INFO] [2532106] [2532117] [time_logger.h:32] Group TaskTrack start
2026-07-17 15:58:55 [INFO] [2532106] [2532110] [time_logger.h:32] Group HcclInfo start
2026-07-17 15:58:55 [INFO] [2532106] [2532112] [time_logger.h:32] Group HcclOpInfo start
2026-07-17 15:58:55 [INFO] [2532106] [2532111] [time_logger.h:39] Group Kernel end, cost time = 0 ms
2026-07-17 15:58:55 [INFO] [2532106] [2532113] [time_logger.h:39] Group NodeAttrInfo end, cost time = 0 ms
2026-07-17 15:58:55 [INFO] [2532106] [2532115] [time_logger.h:39] Group NodeBasicInfo end, cost time = 0 ms
2026-07-17 15:58:55 [INFO] [2532106] [2532112] [time_logger.h:39] Group HcclOpInfo end, cost time = 0 ms
2026-07-17 15:58:55 [INFO] [2532106] [2532110] [time_logger.h:39] Group HcclInfo end, cost time = 0 ms
2026-07-17 15:58:55 [INFO] [2532106] [2532114] [time_logger.h:39] Group TensorInfo end, cost time = 0 ms
2026-07-17 15:58:55 [INFO] [2532106] [2532116] [time_logger.h:39] Group ContextId end, cost time = 0 ms
2026-07-17 15:58:55 [INFO] [2532106] [2532117] [time_logger.h:39] Group TaskTrack end, cost time = 0 ms
2026-07-17 15:58:55 [INFO] [2532106] [2532106] [event_grouper.cpp:127] After group events, Kernel: 45, GraphId: 0, FusionOp: 0, NodeBasic: 1, NodeAttr: 0, Tensor: 1, ContextId: 1, HcclInfo: 0, TaskTrack: 3, HcclOpInfo: 0, thread: 2531812
2026-07-17 15:58:55 [INFO] [2532106] [2532106] [time_logger.h:39] Group all events end, cost time = 0 ms
2026-07-17 15:58:55 [INFO] [2532106] [2532118] [time_logger.h:32] Dump api data start start
2026-07-17 15:58:55 [INFO] [2532106] [2532119] [time_logger.h:32] Dump model name data start start
2026-07-17 15:58:55 [INFO] [2532106] [2532127] [time_logger.h:32] Dump flip tasks data start start
2026-07-17 15:58:55 [INFO] [2532106] [2532120] [time_logger.h:32] Multi thread build tree start
2026-07-17 15:58:55 [INFO] [2532106] [2532118] [db_runner.cpp:53] Start create ApiData
2026-07-17 15:58:55 [INFO] [2532106] [2532127] [db_runner.cpp:53] Start create HostTaskFlip
2026-07-17 15:58:55 [WARN] [2532106] [2532119] [base_dumper.h:42] Input data is empty, pass dump
2026-07-17 15:58:55 [INFO] [2532106] [2532119] [time_logger.h:39] Dump model name data start end, cost time = 0 ms
2026-07-17 15:58:55 [INFO] [2532106] [2532128] [host_trace_worker.cpp:69] Start multi thread build tree, threadId = 2531812
2026-07-17 15:58:55 [INFO] [2532106] [2532128] [event_queue.cpp:72] EventQueue for thread 2531812 is empty
2026-07-17 15:58:55 [INFO] [2532106] [2532128] [event_queue.cpp:72] EventQueue for thread 2531812 is empty
2026-07-17 15:58:55 [INFO] [2532106] [2532127] [db_runner.cpp:66] create HostTaskFlip success
2026-07-17 15:58:55 [INFO] [2532106] [2532127] [db_runner.h:61] Start insert data to HostTaskFlip
2026-07-17 15:58:55 [INFO] [2532106] [2532118] [db_runner.cpp:66] create ApiData success
2026-07-17 15:58:55 [INFO] [2532106] [2532118] [db_runner.h:61] Start insert data to ApiData
2026-07-17 15:58:55 [WARN] [2532106] [2532138] [tree_builder.cpp:192] No Events, event type: 8, threadId = 2531812
2026-07-17 15:58:55 [INFO] [2532106] [2532139] [tree_builder.cpp:234] Add LevelEvents done, threadId = 2531812, event type: 2, matchCnt = 1, mismatchCnt = 0 
2026-07-17 15:58:55 [WARN] [2532106] [2532139] [tree_builder.cpp:192] No Events, event type: 3, threadId = 2531812
2026-07-17 15:58:55 [WARN] [2532106] [2532140] [tree_builder.cpp:192] No Events, event type: 6, threadId = 2531812
2026-07-17 15:58:55 [INFO] [2532106] [2532139] [tree_builder.cpp:234] Add LevelEvents done, threadId = 2531812, event type: 4, matchCnt = 1, mismatchCnt = 0 
2026-07-17 15:58:55 [WARN] [2532106] [2532140] [tree_builder.cpp:192] No Events, event type: 5, threadId = 2531812
2026-07-17 15:58:55 [INFO] [2532106] [2532139] [tree_builder.cpp:234] Add LevelEvents done, threadId = 2531812, event type: 6, matchCnt = 1, mismatchCnt = 0 
2026-07-17 15:58:55 [WARN] [2532106] [2532139] [tree_builder.cpp:192] No Events, event type: 10, threadId = 2531812
2026-07-17 15:58:55 [INFO] [2532106] [2532127] [db_runner.h:72] insert data to HostTaskFlip success
2026-07-17 15:58:55 [INFO] [2532106] [2532128] [tree_builder.cpp:73] Build Tree End, ThreadId = 2531812
2026-07-17 15:58:55 [INFO] [2532106] [2532128] [host_trace_worker.cpp:79] Multi thread build tree done, threadId = 2531812
2026-07-17 15:58:55 [INFO] [2532106] [2532127] [base_dumper.h:56] Dump HostTaskFlip data success
2026-07-17 15:58:55 [INFO] [2532106] [2532127] [time_logger.h:39] Dump flip tasks data start end, cost time = 0 ms
2026-07-17 15:58:55 [INFO] [2532106] [2532118] [db_runner.h:72] insert data to ApiData success
2026-07-17 15:58:55 [INFO] [2532106] [2532118] [base_dumper.h:56] Dump ApiData data success
2026-07-17 15:58:55 [INFO] [2532106] [2532118] [time_logger.h:39] Dump api data start end, cost time = 0 ms
2026-07-17 15:58:55 [INFO] [2532106] [2532120] [time_logger.h:39] Multi thread build tree end, cost time = 0 ms
2026-07-17 15:58:55 [INFO] [2532106] [2532120] [time_logger.h:32] Multi thread analyze tree and dump data start
2026-07-17 15:58:55 [INFO] [2532106] [2532141] [host_trace_worker.cpp:95] Start analyze tree and dump data, threadId = 2531812
2026-07-17 15:58:55 [INFO] [2532106] [2532141] [time_logger.h:32] Dump CANN data start
2026-07-17 15:58:55 [INFO] [2532106] [2532151] [cann_trace_db_dumper.cpp:148] Empty hccl OPs
2026-07-17 15:58:55 [INFO] [2532106] [2532152] [time_logger.h:32] Dump host tasks start
2026-07-17 15:58:55 [INFO] [2532106] [2532154] [time_logger.h:32] DumpOpDesc Start start
2026-07-17 15:58:55 [INFO] [2532106] [2532153] [cann_trace_db_dumper.cpp:449] Empty geFusionOps
2026-07-17 15:58:55 [INFO] [2532106] [2532151] [cann_trace_db_dumper.cpp:396] Empty hccl tasks
2026-07-17 15:58:55 [INFO] [2532106] [2532152] [db_runner.cpp:53] Start create HostTask
2026-07-17 15:58:55 [INFO] [2532106] [2532154] [db_runner.cpp:53] Start create TaskInfo
2026-07-17 15:58:55 [INFO] [2532106] [2532152] [db_runner.cpp:66] create HostTask success
2026-07-17 15:58:55 [INFO] [2532106] [2532152] [db_runner.h:61] Start insert data to HostTask
2026-07-17 15:58:55 [INFO] [2532106] [2532154] [db_runner.cpp:66] create TaskInfo success
2026-07-17 15:58:55 [INFO] [2532106] [2532152] [db_runner.h:72] insert data to HostTask success
2026-07-17 15:58:55 [INFO] [2532106] [2532152] [time_logger.h:39] Dump host tasks end, cost time = 0 ms
2026-07-17 15:58:55 [INFO] [2532106] [2532154] [db_runner.h:61] Start insert data to TaskInfo
2026-07-17 15:58:55 [INFO] [2532106] [2532154] [db_runner.h:72] insert data to TaskInfo success
2026-07-17 15:58:55 [INFO] [2532106] [2532154] [time_logger.h:39] DumpOpDesc Start end, cost time = 0 ms
2026-07-17 15:58:55 [INFO] [2532106] [2532141] [time_logger.h:39] Dump CANN data end, cost time = 0 ms
2026-07-17 15:58:55 [INFO] [2532106] [2532141] [host_trace_worker.cpp:103] Dump cann trace data done, threadId = 2531812
2026-07-17 15:58:55 [INFO] [2532106] [2532120] [time_logger.h:39] Multi thread analyze tree and dump data end, cost time = 1 ms
2026-07-17 15:58:55 [INFO] [2532106] [2532106] [time_logger.h:32] Dump memcpy info data start start
2026-07-17 15:58:55 [WARN] [2532106] [2532106] [base_dumper.h:42] Input data is empty, pass dump
2026-07-17 15:58:55 [INFO] [2532106] [2532106] [time_logger.h:39] Dump memcpy info data start end, cost time = 0 ms
2026-07-17 15:58:55 [INFO] [2532106] [2532106] [time_logger.h:39] HostTraceWorker end, cost time = 3 ms
