====================================================================================================
Kernel-level Performance (msprof): cmhc  (warmup=3, repeats=1, seed=0)
====================================================================================================
Case  Shape                               dtype           Ref(us)      Asc(us)    Speedup
----------------------------------------------------------------------------------------------------
0     [1, 128, 4, 3584]                   bfloat16           1.18         1.18     0.999x
1     [2, 256, 4, 3584]                   bfloat16           1.17         1.17     1.001x
2     [4, 512, 4, 3584]                   bfloat16          27.83        62.11     0.448x
----------------------------------------------------------------------------------------------------
--- Speedup ---
  Geomean : 0.77x  ← 主指标
  Mean    : 0.82x
  Median  : 1.00x
  Min/Max : 0.45x / 1.00x
  Valid   : 3/3
--- Task Duration (us) ---
  Ref  mean/median/total : 10.06 / 1.18 / 30.18
  Asc  mean/median/total : 21.48 / 1.18 / 64.45
  Total speedup (Σref/Σasc) : 0.47x
====================================================================================================