====================================================================================================
Kernel-level Performance (msprof): cmhc_backward  (warmup=3, repeats=1, seed=0)
====================================================================================================
Case  Shape                               dtype           Ref(us)      Asc(us)    Speedup
----------------------------------------------------------------------------------------------------
0     [1, 2, 64]                          float32            5.38         1.75     3.076x
1     [2, 3, 128]                         float16            6.01         2.71     2.221x
2     [1, 4, 256]                         bfloat16           6.05         2.31     2.622x
----------------------------------------------------------------------------------------------------
--- Speedup ---
  Geomean : 2.62x  ← 主指标
  Mean    : 2.64x
  Median  : 2.62x
  Min/Max : 2.22x / 3.08x
  Valid   : 3/3
--- Task Duration (us) ---
  Ref  mean/median/total : 5.81 / 6.01 / 17.44
  Asc  mean/median/total : 2.25 / 2.31 / 6.76
  Total speedup (Σref/Σasc) : 2.58x
====================================================================================================